W: Conflicting distribution: http://debian.opennms.eu stable Release (expected stable but got opennms-17)
Adding user postgres to group ssl-cert

Creating config file /etc/logrotate.d/postgresql-common with new version
Building PostgreSQL dictionaries from installed myspell/hunspell packages...
Removing obsolete dictionary files:
 * No PostgreSQL clusters exist; see "man pg_createcluster"
update-alternatives: using /usr/sbin/install_iplike-93.sh to provide /usr/sbin/install_iplike.sh (install_iplike.sh) in auto mode
update-alternatives: using /usr/lib/postgresql/9.3/lib/iplike.so to provide /usr/share/java/opennms/iplike.so (iplike.so) in auto mode
Extracting templates from packages: 63%Extracting templates from packages: 100%
oracle-license-v1-1 license has already been accepted
Downloading Oracle Java 8...
--2015-12-06 17:33:27--  http://download.oracle.com/otn-pub/java/jdk/8u45-b14/jdk-8u45-linux-x64.tar.gz
Resolving download.oracle.com (download.oracle.com)... 212.201.100.178, 212.201.100.168
Connecting to download.oracle.com (download.oracle.com)|212.201.100.178|:80... connected.
HTTP request sent, awaiting response... 302 Moved Temporarily
Location: https://edelivery.oracle.com/otn-pub/java/jdk/8u45-b14/jdk-8u45-linux-x64.tar.gz [following]
--2015-12-06 17:33:32--  https://edelivery.oracle.com/otn-pub/java/jdk/8u45-b14/jdk-8u45-linux-x64.tar.gz
Resolving edelivery.oracle.com (edelivery.oracle.com)... 23.0.47.139
Connecting to edelivery.oracle.com (edelivery.oracle.com)|23.0.47.139|:443... connected.
HTTP request sent, awaiting response... 302 Moved Temporarily
Location: http://download.oracle.com/otn-pub/java/jdk/8u45-b14/jdk-8u45-linux-x64.tar.gz?AuthParam=1449423337_af24af83fb921bfa65b7e00719e6d3c6 [following]
--2015-12-06 17:33:37--  http://download.oracle.com/otn-pub/java/jdk/8u45-b14/jdk-8u45-linux-x64.tar.gz?AuthParam=1449423337_af24af83fb921bfa65b7e00719e6d3c6
Connecting to download.oracle.com (download.oracle.com)|212.201.100.178|:80... connected.
HTTP request sent, awaiting response... 200 OK
Length: 173271626 (165M) [application/x-gzip]
Saving to: ‘jdk-8u45-linux-x64.tar.gz’

     0K ........ ........ ........ ........ ........ ........  1% 5.24M 31s
  3072K ........ ........ ........ ........ ........ ........  3% 19.4M 19s
  6144K ........ ........ ........ ........ ........ ........  5% 83.2K 10m54s
  9216K ........ ........ ........ ........ ........ ........  7% 27.9K 31m28s
 12288K ........ ........ ........ ........ ........ ........  9% 27.3K 43m30s
 15360K ........ ........ ........ ........ ........ ........ 10% 28.5K 50m12s
 18432K ........ ........ ........ ........ ........ ........ 12% 29.4K 54m7s
 21504K ........ ........ ........ ........ ........ ........ 14% 31.9K 55m48s
 24576K ........ ........ ........ ........ ........ ........ 16% 27.2K 58m11s
 27648K ........ ........ ........ ........ ........ ........ 18% 40.2K 56m58s
 30720K ........ ........ ........ ........ ........ ........ 19% 35.6K 56m24s
 33792K ........ ........ ........ ........ ........ ........ 21% 15.2M 50m32s
 36864K ........ ........ ........ ........ ........ ........ 23% 15.7M 45m35s
 39936K ........ ........ ........ ........ ........ ........ 25% 16.8M 41m20s
 43008K ........ ........ ........ ........ ........ ........ 27% 17.0M 37m39s
 46080K ........ ........ ........ ........ ........ ........ 29% 16.4M 34m25s
 49152K ........ ........ ........ ........ ........ ........ 30% 2.66M 31m36s
 52224K ........ ........ ........ ........ ........ ........ 32%  102K 30m6s
 55296K ........ ........ ........ ........ ........ ........ 34% 25.4K 31m35s
 58368K ........ ........ ........ ........ ........ ........ 36% 28.5K 32m19s
 61440K ........ ........ ........ ........ ........ ........ 38%  149K 30m28s
 64512K ........ ........ ........ ........ ........ ........ 39% 18.8M 28m14s
 67584K ........ ........ ........ ........ ........ ........ 41% 14.7M 26m12s
 70656K ........ ........ ........ ........ ........ ........ 43%  126K 24m51s
 73728K ........ ........ ........ ........ ........ ........ 45% 26.6K 25m24s
 76800K ........ ........ ........ ........ ........ ........ 47%  306K 23m48s
 79872K ........ ........ ........ ........ ........ ........ 49% 33.2K 23m44s
 82944K ........ ........ ........ ........ ........ ........ 50% 26.1K 23m58s
 86016K ........ ........ ........ ........ ........ ........ 52% 27.8K 23m56s
 89088K ........ ........ ........ ........ ........ ........ 54% 26.9K 23m51s
 92160K ........ ........ ........ ........ ........ ........ 56% 29.9K 23m29s
 95232K ........ ........ ........ ........ ........ ........ 58% 27.9K 23m8s
 98304K ........ ........ ........ ........ ........ ........ 59% 30.0K 22m36s
101376K ........ ........ ........ ........ ........ ........ 61% 28.0K 22m4s
104448K ........ ........ ........ ........ ........ ........ 63% 30.6K 21m23s
107520K ........ ........ ........ ........ ........ ........ 65% 24.3K 20m53s
110592K ........ ........ ........ ........ ........ ........ 67% 26.9K 20m11s
113664K ........ ........ ........ ........ ........ ........ 68% 33.5K 19m15s
116736K ........ ........ ........ ........ ........ ........ 70% 28.4K 18m24s
119808K ........ ........ ........ ........ ........ ........ 72% 30.5K 17m27s
122880K ........ ........ ........ ........ ........ ........ 74% 24.9K 16m36s
125952K ........ ........ ........ ........ ........ ........ 76% 30.6K 15m35s
129024K ........ ........ ........ ........ ........ ........ 78%  115K 14m11s
132096K ........ ........ ........ ........ ........ ........ 79% 16.6M 12m43s
135168K ........ ........ ........ ........ ........ ........ 81% 16.6M 11m19s
138240K ........ ........ ........ ........ ........ ........ 83% 13.4M 9m58s
141312K ........ ........ ........ ........ ........ ........ 85% 2.38M 8m41s
144384K ........ ........ ........ ........ ........ ........ 87% 16.6M 7m27s
147456K ........ ........ ........ ........ ........ ........ 88% 61.7K 6m22s
150528K ........ ........ ........ ........ ........ ........ 90% 31.7K 5m23s
153600K ........ ........ ........ ........ ........ ........ 92% 14.3M 4m14s
156672K ........ ........ ........ ........ ........ ........ 94% 17.1M 3m8s
159744K ........ ........ ........ ........ ........ ........ 96%  259K 2m5s
162816K ........ ........ ........ ........ ........ ........ 98% 26.0K 66s
165888K ........ ........ ........ ........ ........ ........ 99% 25.4K 5s
168960K ...                                                  100% 31.2K=57m17s

2015-12-06 18:30:54 (49.2 KB/s) - ‘jdk-8u45-linux-x64.tar.gz’ saved [173271626/173271626]

Download done.
Removing outdated cached downloads...
update-alternatives: error: no alternatives for java
update-alternatives: using /usr/lib/jvm/java-8-oracle/jre/bin/ControlPanel to provide /usr/bin/ControlPanel (ControlPanel) in auto mode
update-alternatives: using /usr/lib/jvm/java-8-oracle/jre/bin/java to provide /usr/bin/java (java) in auto mode
update-alternatives: using /usr/lib/jvm/java-8-oracle/jre/bin/javaws to provide /usr/bin/javaws (javaws) in auto mode
update-alternatives: using /usr/lib/jvm/java-8-oracle/jre/bin/jcontrol to provide /usr/bin/jcontrol (jcontrol) in auto mode
update-alternatives: using /usr/lib/jvm/java-8-oracle/jre/bin/jjs to provide /usr/bin/jjs (jjs) in auto mode
update-alternatives: using /usr/lib/jvm/java-8-oracle/jre/bin/keytool to provide /usr/bin/keytool (keytool) in auto mode
update-alternatives: using /usr/lib/jvm/java-8-oracle/jre/bin/orbd to provide /usr/bin/orbd (orbd) in auto mode
update-alternatives: using /usr/lib/jvm/java-8-oracle/jre/bin/pack200 to provide /usr/bin/pack200 (pack200) in auto mode
update-alternatives: using /usr/lib/jvm/java-8-oracle/jre/bin/policytool to provide /usr/bin/policytool (policytool) in auto mode
update-alternatives: using /usr/lib/jvm/java-8-oracle/jre/bin/rmid to provide /usr/bin/rmid (rmid) in auto mode
update-alternatives: using /usr/lib/jvm/java-8-oracle/jre/bin/rmiregistry to provide /usr/bin/rmiregistry (rmiregistry) in auto mode
update-alternatives: using /usr/lib/jvm/java-8-oracle/jre/bin/servertool to provide /usr/bin/servertool (servertool) in auto mode
update-alternatives: using /usr/lib/jvm/java-8-oracle/jre/bin/tnameserv to provide /usr/bin/tnameserv (tnameserv) in auto mode
update-alternatives: using /usr/lib/jvm/java-8-oracle/jre/bin/unpack200 to provide /usr/bin/unpack200 (unpack200) in auto mode
update-alternatives: using /usr/lib/jvm/java-8-oracle/jre/lib/jexec to provide /usr/bin/jexec (jexec) in auto mode
update-alternatives: using /usr/lib/jvm/java-8-oracle/bin/appletviewer to provide /usr/bin/appletviewer (appletviewer) in auto mode
update-alternatives: using /usr/lib/jvm/java-8-oracle/bin/extcheck to provide /usr/bin/extcheck (extcheck) in auto mode
update-alternatives: using /usr/lib/jvm/java-8-oracle/bin/idlj to provide /usr/bin/idlj (idlj) in auto mode
update-alternatives: using /usr/lib/jvm/java-8-oracle/bin/jar to provide /usr/bin/jar (jar) in auto mode
update-alternatives: using /usr/lib/jvm/java-8-oracle/bin/jarsigner to provide /usr/bin/jarsigner (jarsigner) in auto mode
update-alternatives: using /usr/lib/jvm/java-8-oracle/bin/javac to provide /usr/bin/javac (javac) in auto mode
update-alternatives: using /usr/lib/jvm/java-8-oracle/bin/javadoc to provide /usr/bin/javadoc (javadoc) in auto mode
update-alternatives: using /usr/lib/jvm/java-8-oracle/bin/javafxpackager to provide /usr/bin/javafxpackager (javafxpackager) in auto mode
update-alternatives: using /usr/lib/jvm/java-8-oracle/bin/javah to provide /usr/bin/javah (javah) in auto mode
update-alternatives: using /usr/lib/jvm/java-8-oracle/bin/javap to provide /usr/bin/javap (javap) in auto mode
update-alternatives: using /usr/lib/jvm/java-8-oracle/bin/javapackager to provide /usr/bin/javapackager (javapackager) in auto mode
update-alternatives: using /usr/lib/jvm/java-8-oracle/bin/jcmd to provide /usr/bin/jcmd (jcmd) in auto mode
update-alternatives: using /usr/lib/jvm/java-8-oracle/bin/jconsole to provide /usr/bin/jconsole (jconsole) in auto mode
update-alternatives: using /usr/lib/jvm/java-8-oracle/bin/jdb to provide /usr/bin/jdb (jdb) in auto mode
update-alternatives: using /usr/lib/jvm/java-8-oracle/bin/jdeps to provide /usr/bin/jdeps (jdeps) in auto mode
update-alternatives: using /usr/lib/jvm/java-8-oracle/bin/jhat to provide /usr/bin/jhat (jhat) in auto mode
update-alternatives: using /usr/lib/jvm/java-8-oracle/bin/jinfo to provide /usr/bin/jinfo (jinfo) in auto mode
update-alternatives: using /usr/lib/jvm/java-8-oracle/bin/jmap to provide /usr/bin/jmap (jmap) in auto mode
update-alternatives: using /usr/lib/jvm/java-8-oracle/bin/jmc to provide /usr/bin/jmc (jmc) in auto mode
update-alternatives: using /usr/lib/jvm/java-8-oracle/bin/jps to provide /usr/bin/jps (jps) in auto mode
update-alternatives: using /usr/lib/jvm/java-8-oracle/bin/jrunscript to provide /usr/bin/jrunscript (jrunscript) in auto mode
update-alternatives: using /usr/lib/jvm/java-8-oracle/bin/jsadebugd to provide /usr/bin/jsadebugd (jsadebugd) in auto mode
update-alternatives: using /usr/lib/jvm/java-8-oracle/bin/jstack to provide /usr/bin/jstack (jstack) in auto mode
update-alternatives: using /usr/lib/jvm/java-8-oracle/bin/jstat to provide /usr/bin/jstat (jstat) in auto mode
update-alternatives: using /usr/lib/jvm/java-8-oracle/bin/jstatd to provide /usr/bin/jstatd (jstatd) in auto mode
update-alternatives: using /usr/lib/jvm/java-8-oracle/bin/jvisualvm to provide /usr/bin/jvisualvm (jvisualvm) in auto mode
update-alternatives: using /usr/lib/jvm/java-8-oracle/bin/native2ascii to provide /usr/bin/native2ascii (native2ascii) in auto mode
update-alternatives: using /usr/lib/jvm/java-8-oracle/bin/rmic to provide /usr/bin/rmic (rmic) in auto mode
update-alternatives: using /usr/lib/jvm/java-8-oracle/bin/schemagen to provide /usr/bin/schemagen (schemagen) in auto mode
update-alternatives: using /usr/lib/jvm/java-8-oracle/bin/serialver to provide /usr/bin/serialver (serialver) in auto mode
update-alternatives: using /usr/lib/jvm/java-8-oracle/bin/wsgen to provide /usr/bin/wsgen (wsgen) in auto mode
update-alternatives: using /usr/lib/jvm/java-8-oracle/bin/wsimport to provide /usr/bin/wsimport (wsimport) in auto mode
update-alternatives: using /usr/lib/jvm/java-8-oracle/bin/xjc to provide /usr/bin/xjc (xjc) in auto mode
Oracle JDK 8 installed
update-alternatives: using /usr/lib/jvm/java-8-oracle/jre/lib/amd64/libnpjp2.so to provide /usr/lib/mozilla/plugins/libjavaplugin.so (mozilla-javaplugin.so) in auto mode
Oracle JRE 8 browser plugin installed
DEBUG: Platform is IPv6 ready: true
INFO 12/6/15 6:41 PM:liquibase: Successfully acquired change log lock
INFO 12/6/15 6:41 PM:liquibase: Creating database history table with name: databasechangelog
INFO 12/6/15 6:41 PM:liquibase: Reading from databasechangelog
INFO 12/6/15 6:41 PM:liquibase: Reading from databasechangelog
INFO 12/6/15 6:41 PM:liquibase: ChangeSet create-sequences.xml::opennmsnxtid::rangerrick ran successfully in 4ms
INFO 12/6/15 6:41 PM:liquibase: ChangeSet create-sequences.xml::nodenxtid::rangerrick ran successfully in 3ms
INFO 12/6/15 6:41 PM:liquibase: ChangeSet create-sequences.xml::servicenxtid::rangerrick ran successfully in 2ms
INFO 12/6/15 6:41 PM:liquibase: ChangeSet create-sequences.xml::eventsnxtid::rangerrick ran successfully in 2ms
INFO 12/6/15 6:41 PM:liquibase: ChangeSet create-sequences.xml::alarmsnxtid::rangerrick ran successfully in 3ms
INFO 12/6/15 6:41 PM:liquibase: ChangeSet create-sequences.xml::outagenxtid::rangerrick ran successfully in 2ms
INFO 12/6/15 6:41 PM:liquibase: ChangeSet create-sequences.xml::notifynxtid::rangerrick ran successfully in 2ms
INFO 12/6/15 6:41 PM:liquibase: ChangeSet create-sequences.xml::catnxtid::rangerrick ran successfully in 3ms
INFO 12/6/15 6:41 PM:liquibase: ChangeSet create-sequences.xml::usernotifnxtid::rangerrick ran successfully in 3ms
INFO 12/6/15 6:41 PM:liquibase: ChangeSet create-sequences.xml::demandpollnxtid::rangerrick ran successfully in 2ms
INFO 12/6/15 6:41 PM:liquibase: ChangeSet create-sequences.xml::pollresultnxtid::rangerrick ran successfully in 3ms
INFO 12/6/15 6:41 PM:liquibase: ChangeSet create-sequences.xml::mapnxtid::rangerrick ran successfully in 2ms
INFO 12/6/15 6:41 PM:liquibase: ChangeSet 1.6.0/tables/serverMap.xml::1.6.0-serverMap::rangerrick ran successfully in 6ms
INFO 12/6/15 6:41 PM:liquibase: ChangeSet 1.6.0/tables/serviceMap.xml::1.6.0-serviceMap::rangerrick ran successfully in 7ms
INFO 12/6/15 6:41 PM:liquibase: ChangeSet 1.6.0/tables/distPoller.xml::1.6.0-distPoller::rangerrick ran successfully in 6ms
INFO 12/6/15 6:41 PM:liquibase: ChangeSet 1.6.0/tables/node.xml::1.6.0-node::rangerrick ran successfully in 15ms
INFO 12/6/15 6:41 PM:liquibase: ChangeSet 1.6.0/tables/snmpInterface.xml::1.6.0-snmpInterface::rangerrick ran successfully in 24ms
INFO 12/6/15 6:41 PM:liquibase: ChangeSet 1.6.0/tables/ipInterface.xml::1.6.0-ipInterface::rangerrick ran successfully in 24ms
INFO 12/6/15 6:41 PM:liquibase: ChangeSet 1.6.0/tables/service.xml::1.6.0-service::rangerrick ran successfully in 4ms
INFO 12/6/15 6:41 PM:liquibase: ChangeSet 1.6.0/tables/ifservices.xml::1.6.0-ifServices::rangerrick ran successfully in 20ms
INFO 12/6/15 6:41 PM:liquibase: ChangeSet 1.6.0/tables/events.xml::1.6.0-events::rangerrick ran successfully in 27ms
INFO 12/6/15 6:41 PM:liquibase: ChangeSet 1.6.0/tables/outages.xml::1.6.0-outages::rangerrick ran successfully in 25ms
INFO 12/6/15 6:41 PM:liquibase: ChangeSet 1.6.0/tables/vulnerabilities.xml::1.6.0-vulnerabilities::rangerrick ran successfully in 13ms
INFO 12/6/15 6:41 PM:liquibase: ChangeSet 1.6.0/tables/vulnplugins.xml::1.6.0-vulnplugins::rangerrick ran successfully in 13ms
INFO 12/6/15 6:41 PM:liquibase: ChangeSet 1.6.0/tables/notifications.xml::1.6.0-notifications::rangerrick ran successfully in 19ms
INFO 12/6/15 6:41 PM:liquibase: ChangeSet 1.6.0/tables/usersnotified.xml::1.6.0-usersnotified::rangerrick ran successfully in 11ms
INFO 12/6/15 6:41 PM:liquibase: ChangeSet 1.6.0/tables/alarms.xml::1.6.0-alarms::rangerrick ran successfully in 22ms
INFO 12/6/15 6:41 PM:liquibase: ChangeSet 1.6.0/tables/alarm_attributes.xml::1.6.0-alarm_attributes::rangerrick ran successfully in 7ms
INFO 12/6/15 6:41 PM:liquibase: ChangeSet 1.6.0/tables/assets.xml::1.6.0-assets::rangerrick ran successfully in 16ms
INFO 12/6/15 6:41 PM:liquibase: ChangeSet 1.6.0/tables/categories.xml::1.6.0-categories::rangerrick ran successfully in 10ms
INFO 12/6/15 6:41 PM:liquibase: ChangeSet 1.6.0/tables/category_node.xml::1.6.0-category_node::rangerrick ran successfully in 9ms
INFO 12/6/15 6:41 PM:liquibase: ChangeSet 1.6.0/tables/pathoutage.xml::1.6.0-pathoutage::rangerrick ran successfully in 7ms
INFO 12/6/15 6:41 PM:liquibase: ChangeSet 1.6.0/tables/demandpolls.xml::1.6.0-demandpolls::rangerrick ran successfully in 5ms
INFO 12/6/15 6:41 PM:liquibase: ChangeSet 1.6.0/tables/pollresults.xml::1.6.0-pollresults::rangerrick ran successfully in 11ms
INFO 12/6/15 6:41 PM:liquibase: ChangeSet 1.6.0/tables/location_monitors.xml::1.6.0-location_monitors::rangerrick ran successfully in 6ms
INFO 12/6/15 6:41 PM:liquibase: ChangeSet 1.6.0/tables/location_monitor_details.xml::1.6.0-location_monitor_details::rangerrick ran successfully in 8ms
INFO 12/6/15 6:41 PM:liquibase: ChangeSet 1.6.0/tables/location_specific_status_changes.xml::1.6.0-location_specific_status_changes::rangerrick ran successfully in 17ms
INFO 12/6/15 6:41 PM:liquibase: ChangeSet 1.6.0/tables/applications.xml::1.6.0-applications::rangerrick ran successfully in 5ms
INFO 12/6/15 6:41 PM:liquibase: ChangeSet 1.6.0/tables/application_service_map.xml::1.6.0-application_service_map::rangerrick ran successfully in 8ms
INFO 12/6/15 6:41 PM:liquibase: ChangeSet 1.6.0/tables/atinterface.xml::1.6.0-atinterface::rangerrick ran successfully in 10ms
INFO 12/6/15 6:41 PM:liquibase: ChangeSet 1.6.0/tables/atinterface.xml::1.6.0-recreate-hash-index::rangerrick ran successfully in 1127ms
INFO 12/6/15 6:41 PM:liquibase: ChangeSet 1.6.0/tables/vlan.xml::1.6.0-vlan::rangerrick ran successfully in 6ms
INFO 12/6/15 6:41 PM:liquibase: ChangeSet 1.6.0/tables/stpnode.xml::1.6.0-stpnode::rangerrick ran successfully in 17ms
INFO 12/6/15 6:41 PM:liquibase: ChangeSet 1.6.0/tables/stpinterface.xml::1.6.0-stpinterface::rangerrick ran successfully in 13ms
INFO 12/6/15 6:41 PM:liquibase: ChangeSet 1.6.0/tables/iprouteinterface.xml::1.6.0-iprouteinterface::rangerrick ran successfully in 11ms
INFO 12/6/15 6:41 PM:liquibase: ChangeSet 1.6.0/tables/datalinkinterface.xml::1.6.0-datalinkinterface::rangerrick ran successfully in 11ms
INFO 12/6/15 6:41 PM:liquibase: ChangeSet 1.6.0/tables/inventory.xml::1.6.0-inventory::rangerrick ran successfully in 9ms
INFO 12/6/15 6:41 PM:liquibase: ChangeSet 1.6.0/tables/map.xml::1.6.0-map::rangerrick ran successfully in 8ms
INFO 12/6/15 6:41 PM:liquibase: ChangeSet 1.6.0/tables/element.xml::1.6.0-element::rangerrick ran successfully in 10ms
INFO 12/6/15 6:41 PM:liquibase: ChangeSet 1.6.0/tables/reportlocator.xml::1.6.0-reportlocator::rangerrick ran successfully in 5ms
INFO 12/6/15 6:41 PM:liquibase: ChangeSet 1.6.0/tables/statisticsreport.xml::1.6.0-statisticsreport::rangerrick ran successfully in 10ms
INFO 12/6/15 6:41 PM:liquibase: ChangeSet 1.6.0/tables/resourcereference.xml::1.6.0-resourcereference::rangerrick ran successfully in 6ms
INFO 12/6/15 6:41 PM:liquibase: ChangeSet 1.6.0/tables/statisticsreportdata.xml::1.6.0-statisticsreportdata::rangerrick ran successfully in 11ms
INFO 12/6/15 6:41 PM:liquibase: ChangeSet 1.6.0/tables/quartz.xml::1.6.0-qrtz_job_details::rangerrick ran successfully in 6ms
INFO 12/6/15 6:41 PM:liquibase: ChangeSet 1.6.0/tables/quartz.xml::1.6.0-qrtz_job_listeners::rangerrick ran successfully in 17ms
INFO 12/6/15 6:41 PM:liquibase: ChangeSet 1.6.0/tables/quartz.xml::1.6.0-qrtz_triggers::rangerrick ran successfully in 8ms
INFO 12/6/15 6:41 PM:liquibase: ChangeSet 1.6.0/tables/quartz.xml::1.6.0-qrtz_simple_triggers::rangerrick ran successfully in 6ms
INFO 12/6/15 6:41 PM:liquibase: ChangeSet 1.6.0/tables/quartz.xml::1.6.0-qrtz_cron_triggers::rangerrick ran successfully in 6ms
INFO 12/6/15 6:41 PM:liquibase: ChangeSet 1.6.0/tables/quartz.xml::1.6.0-qrtz_blob_triggers::rangerrick ran successfully in 6ms
INFO 12/6/15 6:41 PM:liquibase: ChangeSet 1.6.0/tables/quartz.xml::1.6.0-qrtz_trigger_listeners::rangerrick ran successfully in 6ms
INFO 12/6/15 6:41 PM:liquibase: ChangeSet 1.6.0/tables/quartz.xml::1.6.0-qrtz_calendars::rangerrick ran successfully in 5ms
INFO 12/6/15 6:41 PM:liquibase: ChangeSet 1.6.0/tables/quartz.xml::1.6.0-qrtz_paused_trigger_grps::rangerrick ran successfully in 4ms
INFO 12/6/15 6:41 PM:liquibase: ChangeSet 1.6.0/tables/quartz.xml::1.6.0-qrtz_fired_triggers::rangerrick ran successfully in 6ms
INFO 12/6/15 6:41 PM:liquibase: ChangeSet 1.6.0/tables/quartz.xml::1.6.0-qrtz_scheduler_state::rangerrick ran successfully in 5ms
INFO 12/6/15 6:41 PM:liquibase: ChangeSet 1.6.0/tables/quartz.xml::1.6.0-qrtz_locks::rangerrick ran successfully in 7ms
INFO 12/6/15 6:41 PM:liquibase: ChangeSet 1.7.0/changelog.xml::1.7.0-ifindex-persistence::rssntn67 ran successfully in 8ms
INFO 12/6/15 6:41 PM:liquibase: ChangeSet 1.7.1/ackd.xml::1.7.1-ackd::dhustace ran successfully in 8ms
INFO 12/6/15 6:41 PM:liquibase: ChangeSet 1.7.1/assets.xml::1.7.1-assets::rssntn67 ran successfully in 5ms
INFO 12/6/15 6:41 PM:liquibase: ChangeSet 1.7.1/datalinkinterface.xml::1.7.1-datalinkinterface-index::mattraykow ran successfully in 7ms
INFO 12/6/15 6:41 PM:liquibase: ChangeSet 1.7.1/elements.xml::1.7.1-add-element-id::rssntn67 ran successfully in 5ms
INFO 12/6/15 6:41 PM:liquibase: ChangeSet 1.7.1/maps.xml::1.7.1-add-map-id::mattraykow ran successfully in 5ms
INFO 12/6/15 6:41 PM:liquibase: ChangeSet 1.7.1/maps.xml::1.7.1-add-map-group::rssntn67 ran successfully in 5ms
INFO 12/6/15 6:41 PM:liquibase: ChangeSet 1.7.1/snmpcollect.xml::1.7.1-move-snmpcollect::brozow ran successfully in 12ms
INFO 12/6/15 6:41 PM:liquibase: ChangeSet 1.7.1/changelog.xml::1.7.1-expand-snmpPhysAddr::rangerrick ran successfully in 2ms
INFO 12/6/15 6:41 PM:liquibase: ChangeSet 1.7.1/changelog.xml::1.7.1-add-last-capsd-poll::brozow ran successfully in 3ms
INFO 12/6/15 6:41 PM:liquibase: ChangeSet 1.7.3/changelog.xml::1.7.3-expand-mapname::rssntn67 ran successfully in 1ms
INFO 12/6/15 6:41 PM:liquibase: ChangeSet 1.7.3/changelog.xml::1.7.3-category-group::brozow ran successfully in 9ms
INFO 12/6/15 6:41 PM:liquibase: ChangeSet 1.7.4/changelog.xml::1.7.4-fix-broken-autoincrement::rangerrick ran successfully in 8ms
INFO 12/6/15 6:41 PM:liquibase: ChangeSet 1.7.5/changelog.xml::1.7.5-addAlarmFkConstraint::dhustace ran successfully in 2ms
INFO 12/6/15 6:41 PM:liquibase: ChangeSet 1.7.5/changelog.xml::1.7.5-fixElementFkConstraint::rssntn67 ran successfully in 1762ms
INFO 12/6/15 6:41 PM:liquibase: ChangeSet 1.7.6/changelog.xml::1.7.6-changePhysAddrColumns::rangerrick ran successfully in 3ms
INFO 12/6/15 6:41 PM:liquibase: ChangeSet 1.7.7/changelog.xml::1.7.7-add-linkTypeId::rssntn67 ran successfully in 0ms
INFO 12/6/15 6:41 PM:liquibase: ChangeSet 1.7.8/changelog.xml::1.7.8-add-linkState::rangerrick ran successfully in 5ms
INFO 12/6/15 6:41 PM:liquibase: ChangeSet 1.7.8/changelog.xml::1.7.8-update-linkstate::thedesloge ran successfully in 1ms
INFO 12/6/15 6:41 PM:liquibase: ChangeSet 1.7.10/reportcatalog.xml::1.7.10-reportcatalog::jsartin ran successfully in 4ms
INFO 12/6/15 6:41 PM:liquibase: ChangeSet 1.7.10/changelog.xml::1.7.10-quartz-priority::jsartin ran successfully in 1ms
INFO 12/6/15 6:41 PM:liquibase: ChangeSet 1.7.10/changelog.xml::1.7.10-drop-reportlocator::jsartin ran successfully in 2ms
INFO 12/6/15 6:41 PM:liquibase: ChangeSet 1.7.10/changelog.xml::1.7.10-snmp-poll::rssntn67 ran successfully in 8ms
INFO 12/6/15 6:41 PM:liquibase: ChangeSet 1.8.5/changelog.xml::1.8.5-repair-linkd-data::rangerrick ran successfully in 6ms
INFO 12/6/15 6:41 PM:liquibase: ChangeSet 1.8.6/changelog.xml::1.8.6-notifconfigname-size::rangerrick ran successfully in 2ms
INFO 12/6/15 6:41 PM:liquibase: ChangeSet 1.8.6/changelog.xml::1.8.6-notifications-index::rangerrick ran successfully in 3ms
INFO 12/6/15 6:41 PM:liquibase: ChangeSet 1.8.8/changelog.xml::1.8.8-alarms-text-columns::rangerrick ran successfully in 2ms
INFO 12/6/15 6:41 PM:liquibase: ChangeSet 1.8.8/changelog.xml::1.8.8-events-text-columns::rangerrick ran successfully in 2ms
INFO 12/6/15 6:41 PM:liquibase: ChangeSet 1.8.8/changelog.xml::1.8.8-notifications-text-columns::rangerrick ran successfully in 0ms
INFO 12/6/15 6:41 PM:liquibase: ChangeSet 1.8.8/changelog.xml::1.8.8-vulnerabilities-text-columns::rangerrick ran successfully in 1ms
INFO 12/6/15 6:41 PM:liquibase: ChangeSet 1.8.11/changelog.xml::1.8.11-service-servicename-length::David Schlenk <david.schlenk@spanlink.com> ran successfully in 2ms
INFO 12/6/15 6:41 PM:liquibase: ChangeSet 1.9.4/changelog.xml::1.9.4-remove-snmpinterface-ipaddr::seth ran successfully in 1ms
INFO 12/6/15 6:41 PM:liquibase: ChangeSet 1.9.4/changelog.xml::1.9.4-changeIpAddrTablesCountForIPV6::thedesloge ran successfully in 21ms
INFO 12/6/15 6:41 PM:liquibase: ChangeSet 1.9.4/changelog.xml::1.9.4-remove-alarms-clearuei::seth ran successfully in 1ms
INFO 12/6/15 6:41 PM:liquibase: ChangeSet 1.9.7/changelog.xml::1.9.7-expand-netmask-field::rangerrick ran successfully in 1ms
INFO 12/6/15 6:41 PM:liquibase: ChangeSet 1.9.7/changelog.xml::1.9.7-add-hardware-assets::kleind ran successfully in 7ms
INFO 12/6/15 6:41 PM:liquibase: ChangeSet 1.9.8/changelog.xml::1.9.8-NMS-4597-add-not-null-application-service-map::rangerrick ran successfully in 1ms
INFO 12/6/15 6:41 PM:liquibase: ChangeSet 1.9.8/changelog.xml::1.9.8-NMS-4597-add-not-null-category-node::rangerrick ran successfully in 1ms
INFO 12/6/15 6:41 PM:liquibase: ChangeSet 1.9.8/changelog.xml::1.9.8-NMS-4597-add-not-null-pathoutage::rangerrick ran successfully in 1ms
INFO 12/6/15 6:41 PM:liquibase: ChangeSet 1.9.9/changelog.xml::1.9.9-add-not-null-constraint-nodelabel::seth ran successfully in 1ms
INFO 12/6/15 6:41 PM:liquibase: ChangeSet 1.9.9/changelog.xml::1.9.9-add-rackunitheight-hardware-assets::kleind ran successfully in 1ms
INFO 12/6/15 6:41 PM:liquibase: ChangeSet 1.9.9/changelog.xml::1.9.9-more-space-for-hardware-assets::kleind ran successfully in 4ms
INFO 12/6/15 6:41 PM:liquibase: ChangeSet 1.9.90/changelog.xml::1.9.90-add-accessLocks-table::brozow ran successfully in 2ms
INFO 12/6/15 6:41 PM:liquibase: ChangeSet 1.9.90/changelog.xml::1.9.90-make-accessLocks-case-insensitive::brozow ran successfully in 1ms
INFO 12/6/15 6:41 PM:liquibase: ChangeSet 1.9.90/changelog.xml::1.9.90-add-ids-to-linkd-vlan::rangerrick ran successfully in 4ms
INFO 12/6/15 6:41 PM:liquibase: ChangeSet 1.9.90/changelog.xml::1.9.90-add-ids-to-linkd-stpNode::rangerrick ran successfully in 5ms
INFO 12/6/15 6:41 PM:liquibase: ChangeSet 1.9.90/changelog.xml::1.9.90-add-ids-to-linkd-stpInterface::rangerrick ran successfully in 6ms
INFO 12/6/15 6:41 PM:liquibase: ChangeSet 1.9.90/changelog.xml::1.9.90-add-ids-to-linkd-ipRouteInterface::rangerrick ran successfully in 6ms
INFO 12/6/15 6:41 PM:liquibase: ChangeSet 1.9.91/changelog.xml::1.9.91-make-vlan-id-unique::rangerrick ran successfully in 1807ms
INFO 12/6/15 6:41 PM:liquibase: ChangeSet 1.9.91/changelog.xml::1.9.91-make-stpnode-id-unique::rangerrick ran successfully in 1872ms
INFO 12/6/15 6:41 PM:liquibase: ChangeSet 1.9.91/changelog.xml::1.9.91-make-stpinterface-id-unique::rangerrick ran successfully in 1760ms
INFO 12/6/15 6:41 PM:liquibase: ChangeSet 1.9.91/changelog.xml::1.9.91-make-iprouteinterface-id-unique::rangerrick ran successfully in 1823ms
INFO 12/6/15 6:41 PM:liquibase: ChangeSet 1.9.92/changelog.xml::1.9.92-changeInterfaeIDForIPV6::brozow ran successfully in 1ms
INFO 12/6/15 6:41 PM:liquibase: ChangeSet 1.9.94/changelog.xml::1.9.94-addAssetFieldsForVMwareRequisition::ronny ran successfully in 5ms
INFO 12/6/15 6:41 PM:liquibase: ChangeSet 1.10.1/changelog.xml::1.10.1-increase-group-size::rangerrick ran successfully in 1ms
INFO 12/6/15 6:41 PM:liquibase: ChangeSet 1.10.4/changelog.xml::1.10.4-subject-type::agalue ran successfully in 1ms
INFO 12/6/15 6:41 PM:liquibase: ChangeSet 1.10.13/changelog.xml::1.10.13-unique-service-type-alarms::rangerrick ran successfully in 2ms
INFO 12/6/15 6:41 PM:liquibase: ChangeSet 1.10.13/changelog.xml::1.10.13-unique-service-type-events::rangerrick ran successfully in 1ms
INFO 12/6/15 6:41 PM:liquibase: ChangeSet 1.10.13/changelog.xml::1.10.13-unique-service-type-ifservices::rangerrick ran successfully in 1ms
INFO 12/6/15 6:41 PM:liquibase: ChangeSet 1.10.13/changelog.xml::1.10.13-unique-service-type-notifications::rangerrick ran successfully in 1ms
INFO 12/6/15 6:41 PM:liquibase: ChangeSet 1.10.13/changelog.xml::1.10.13-unique-service-type-outages::rangerrick ran successfully in 1ms
INFO 12/6/15 6:41 PM:liquibase: ChangeSet 1.10.13/changelog.xml::1.10.13-unique-service-type-vulnerabilities::rangerrick ran successfully in 2ms
INFO 12/6/15 6:41 PM:liquibase: ChangeSet 1.10.13/changelog.xml::1.10.13-delete-duplicate-services::rangerrick ran successfully in 2ms
INFO 12/6/15 6:41 PM:liquibase: ChangeSet 1.10.13/changelog.xml::1.10.13-set-service-sequence::rangerrick ran successfully in 1ms
INFO 12/6/15 6:41 PM:liquibase: ChangeSet 1.11.1/AlarmNotes.xml::1.10.3-alarm-note-feature::derTak ran successfully in 6ms
INFO 12/6/15 6:41 PM:liquibase: ChangeSet 1.11.3/changelog.xml::1.11.3-increase-size-of-physaddr::brozow ran successfully in 0ms
INFO 12/6/15 6:41 PM:liquibase: ChangeSet 1.11.3/tables/accesspoints.xml::1.11.3-SNAPSHOT-accesspoints::jwhite ran successfully in 5ms
INFO 12/6/15 6:41 PM:liquibase: ChangeSet 1.11.4/changelog.xml::1.11.4-add-source-to-datalinkinterface::rangerrick ran successfully in 6ms
INFO 12/6/15 6:41 PM:liquibase: ChangeSet 1.11.4/changelog.xml::1.11.4-add-geolocation-to-assets::agalue ran successfully in 1ms
INFO 12/6/15 6:41 PM:liquibase: ChangeSet 1.11.4/changelog.xml::1.11.4-add-country-to-assets::agalue ran successfully in 1ms
INFO 12/6/15 6:41 PM:liquibase: ChangeSet 1.11.90/changelog.xml::1.11.90-change-geolocation-to-floats::rangerrick ran successfully in 1ms
INFO 12/6/15 6:41 PM:liquibase: ChangeSet 1.11.95/changelog.xml::1.11.95-increase-reduction-key-columns::rangerrick ran successfully in 3ms
INFO 12/6/15 6:41 PM:liquibase: ChangeSet 1.12.2/changelog.xml::1.12.2-changeTypeOfVmwareTopologyInfo::agalue ran successfully in 1ms
INFO 12/6/15 6:41 PM:liquibase: ChangeSet 1.12.5/changelog.xml::1.12.5-CategoryNames-to-text::dertak ran successfully in 2ms
INFO 12/6/15 6:41 PM:liquibase: ChangeSet 1.12.6/changelog.xml::1.12.6-fix-null-dpname::rangerrick ran successfully in 1ms
INFO 12/6/15 6:41 PM:liquibase: ChangeSet 1.13.0/changelog.xml::1.13.0-introduce-filters-for-alarms-and-events::MVR ran successfully in 3ms
INFO 12/6/15 6:41 PM:liquibase: ChangeSet 1.13.0/changelog.xml::1.13.0-createSequences-for-filters-table::MVR ran successfully in 14ms
INFO 12/6/15 6:41 PM:liquibase: ChangeSet 1.13.0/changelog.xml::1.13.0-addIndex-for-filters::MVR ran successfully in 2ms
INFO 12/6/15 6:41 PM:liquibase: ChangeSet 1.13.0/changelog.xml::1.13.0-add-protocol-to-datalinkinterface::rssntn67 ran successfully in 0ms
INFO 12/6/15 6:41 PM:liquibase: ChangeSet 1.13.1/changelog.xml::1.13.1-newLinkdSearchProviderIndexes::david@opennms.org ran successfully in 3ms
INFO 12/6/15 6:41 PM:liquibase: ChangeSet 1.13.1/changelog.xml::1.13.1-lldpelement::rssntn67 ran successfully in 10ms
INFO 12/6/15 6:41 PM:liquibase: ChangeSet 1.13.1/changelog.xml::1.13.1-lldplink::rssntn67 ran successfully in 10ms
INFO 12/6/15 6:41 PM:liquibase: ChangeSet 1.13.1/changelog.xml::1.13.1-ospfelement::rssntn67 ran successfully in 7ms
INFO 12/6/15 6:41 PM:liquibase: ChangeSet 1.13.1/changelog.xml::1.13.1-ospflink::rssntn67 ran successfully in 9ms
INFO 12/6/15 6:41 PM:liquibase: ChangeSet 1.13.1/changelog.xml::1.13.1-isiselement::rssntn67 ran successfully in 6ms
INFO 12/6/15 6:41 PM:liquibase: ChangeSet 1.13.1/changelog.xml::1.13.1-isislink::rssntn67 ran successfully in 9ms
INFO 12/6/15 6:41 PM:liquibase: ChangeSet 1.13.1/changelog.xml::1.13.1-ipnettomedia::rssntn67 ran successfully in 11ms
INFO 12/6/15 6:41 PM:liquibase: ChangeSet 1.13.1/changelog.xml::1.13.1-bridgeelement::rssntn67 ran successfully in 9ms
INFO 12/6/15 6:41 PM:liquibase: ChangeSet 1.13.1/changelog.xml::1.13.1-bridgemaclink::rssntn67 ran successfully in 9ms
INFO 12/6/15 6:41 PM:liquibase: ChangeSet 1.13.1/changelog.xml::1.13.1-bridgestplink::rssntn67 ran successfully in 11ms
INFO 12/6/15 6:41 PM:liquibase: ChangeSet 1.13.1/changelog.xml::1.13.1-bridgebridgelink::rssntn67 ran successfully in 9ms
INFO 12/6/15 6:41 PM:liquibase: ChangeSet 1.13.1/changelog.xml::1.13.1-cdpelement::rssntn67 ran successfully in 7ms
INFO 12/6/15 6:41 PM:liquibase: ChangeSet 1.13.1/changelog.xml::1.13.1-cdplink::rssntn67 ran successfully in 12ms
INFO 12/6/15 6:41 PM:liquibase: ChangeSet 1.13.1/changelog.xml::fix-typo-in-isis-table::ranger@opennms.org ran successfully in 1ms
INFO 12/6/15 6:41 PM:liquibase: ChangeSet 1.13.3/changelog.xml::1.13.3-pathOutage-ipv6::ranger@opennms.org ran successfully in 3ms
INFO 12/6/15 6:41 PM:liquibase: ChangeSet 1.13.4/changelog.xml::1.13.4-minion-base::ranger@opennms.org ran successfully in 8ms
INFO 12/6/15 6:41 PM:liquibase: ChangeSet 1.13.4/changelog.xml::1.13.4-add-primary-key-to-minions-properties::ranger@opennms.org ran successfully in 6ms
INFO 12/6/15 6:41 PM:liquibase: ChangeSet 1.13.5/changelog.xml::1.13.5-hwEntity::agalue ran successfully in 9ms
INFO 12/6/15 6:41 PM:liquibase: ChangeSet 1.13.5/changelog.xml::1.13.5-hwEntityAttributeType::agalue ran successfully in 5ms
INFO 12/6/15 6:41 PM:liquibase: ChangeSet 1.13.5/changelog.xml::1.13.5-hwEntityAttribute::agalue ran successfully in 6ms
INFO 12/6/15 6:41 PM:liquibase: ChangeSet 1.13.5/changelog.xml::1.13.5-requisitioned-categories::ranger@opennms.org ran successfully in 5ms
INFO 12/6/15 6:41 PM:liquibase: ChangeSet 1.14.0/changelog.xml::1.40.0-changeDataTypeOfAssetFieldsToText::cpape ran successfully in 16ms
INFO 12/6/15 6:41 PM:liquibase: ChangeSet 1.14.0/changelog.xml::1.14.0-changeDataTypeOfcdpLinkCdpVersion::rssntn67 ran successfully in 0ms
INFO 12/6/15 6:41 PM:liquibase: ChangeSet 14.0.3/changelog.xml::14.0.3-changeDataTypeOfFilterFavoritesToText::thedesloge ran successfully in 3ms
INFO 12/6/15 6:41 PM:liquibase: ChangeSet 14.0.4/changelog.xml::14.0.4-changeDataTypeOfOperInstructToText::agalue ran successfully in 1ms
INFO 12/6/15 6:41 PM:liquibase: ChangeSet 1.15.1/changelog.xml::1.15.1-removeDuplicateOutages::jwhite ran successfully in 1ms
INFO 12/6/15 6:41 PM:liquibase: ChangeSet 1.15.1/changelog.xml::1.15.1-enforceUniqueOutages::jwhite ran successfully in 1ms
INFO 12/6/15 6:41 PM:liquibase: ChangeSet 1.15.2/changelog.xml::1.15.2-usetextforlldpcdp::rssntn67 ran successfully in 13ms
INFO 12/6/15 6:41 PM:liquibase: ChangeSet 1.15.2/changelog.xml::1.15.2-cdplink-fix-nms7563::rssntn67 ran successfully in 4ms
INFO 12/6/15 6:41 PM:liquibase: ChangeSet 16.0.4/changelog.xml::16.0.4-useVarcharInsteadOfCharInAssetsTable::jwhite ran successfully in 7ms
INFO 12/6/15 6:41 PM:liquibase: ChangeSet 17.0.0/changelog.xml::17.0.0-drop-vulnplugins-table::seth ran successfully in 2ms
INFO 12/6/15 6:41 PM:liquibase: ChangeSet 17.0.0/changelog.xml::17.0.0-drop-vulnerabilities-table::seth ran successfully in 3ms
INFO 12/6/15 6:41 PM:liquibase: ChangeSet 17.0.0/changelog.xml::17.0.0-drop-vulnnxtid-sequence::seth ran successfully in 1ms
INFO 12/6/15 6:41 PM:liquibase: ChangeSet 17.0.0/changelog.xml::17.0.0-remove-misspelled-outage-index::seth ran successfully in 2570ms
INFO 12/6/15 6:41 PM:liquibase: ChangeSet 17.0.0/changelog.xml::17.0.0-add-correctly-spelled-outage-index::seth ran successfully in 2611ms
INFO 12/6/15 6:41 PM:liquibase: ChangeSet 17.0.0/changelog.xml::17.0.0-remove-legacy-triggers-and-functions::seth ran successfully in 3ms
INFO 12/6/15 6:41 PM:liquibase: ChangeSet 17.0.0/changelog.xml::17.0.0-remove-legacy-ifservices-composite-key-fields::seth ran successfully in 6ms
INFO 12/6/15 6:41 PM:liquibase: ChangeSet 17.0.0/changelog.xml::17.0.0-remove-legacy-ipinterface-composite-key-fields::seth ran successfully in 1ms
INFO 12/6/15 6:41 PM:liquibase: ChangeSet 17.0.0/changelog.xml::17.0.0-remove-legacy-outages-composite-key-fields::seth ran successfully in 4ms
INFO 12/6/15 6:41 PM:liquibase: ChangeSet 17.0.0/changelog.xml::1.17.0-linkd-removal::cpape ran successfully in 9ms
INFO 12/6/15 6:41 PM:liquibase: ChangeSet 17.0.0/changelog.xml::17.0.0-drop-servermap-table::seth ran successfully in 2ms
INFO 12/6/15 6:41 PM:liquibase: ChangeSet 17.0.0/changelog.xml::17.0.0-create-cdpglobaldeviceidformat-on-cdpelement-table::rssntn67 ran successfully in 2ms
INFO 12/6/15 6:41 PM:liquibase: ChangeSet 17.0.0/changelog.xml::17.0.0-create-monitoringsystems-table::seth ran successfully in 5ms
INFO 12/6/15 6:41 PM:liquibase: ChangeSet 17.0.0/changelog.xml::17.0.0-create-monitoringsystemsproperties-table::seth ran successfully in 8ms
INFO 12/6/15 6:41 PM:liquibase: ChangeSet 17.0.0/changelog.xml::17.0.0-insert-default-monitoringsystem::seth ran successfully in 1ms
INFO 12/6/15 6:41 PM:liquibase: ChangeSet 17.0.0/changelog.xml::17.0.0-disassociate-node-from-distpoller::seth ran successfully in 1ms
INFO 12/6/15 6:41 PM:liquibase: ChangeSet 17.0.0/changelog.xml::17.0.0-reassociate-alarms-with-monitoringsystems::seth ran successfully in 5ms
INFO 12/6/15 6:41 PM:liquibase: ChangeSet 17.0.0/changelog.xml::17.0.0-reassociate-events-with-monitoringsystems::seth ran successfully in 1ms
INFO 12/6/15 6:41 PM:liquibase: ChangeSet 17.0.0/changelog.xml::17.0.0-copy-location_monitors-into-monitoringsystems::seth ran successfully in 1ms
INFO 12/6/15 6:41 PM:liquibase: ChangeSet 17.0.0/changelog.xml::17.0.0-reassociate-loc_spec_status_changes-with-systems::seth ran successfully in 10ms
INFO 12/6/15 6:41 PM:liquibase: ChangeSet 17.0.0/changelog.xml::17.0.0-drop-distpoller-table::seth ran successfully in 2ms
INFO 12/6/15 6:41 PM:liquibase: ChangeSet 17.0.0/changelog.xml::17.0.0-drop-location-monitor-details-table::seth ran successfully in 4ms
INFO 12/6/15 6:41 PM:liquibase: ChangeSet 17.0.0/changelog.xml::17.0.0-drop-location-monitors-table::seth ran successfully in 2ms
INFO 12/6/15 6:41 PM:liquibase: ChangeSet 17.0.0/changelog.xml::17.0.0-drop-minions-properties-table::seth ran successfully in 2ms
INFO 12/6/15 6:41 PM:liquibase: ChangeSet 17.0.0/changelog.xml::17.0.0-drop-minions-table::seth ran successfully in 2ms
INFO 12/6/15 6:41 PM:liquibase: ChangeSet 17.0.0/changelog.xml::17.0.0-create-monitoringlocations-table::seth ran successfully in 5ms
INFO 12/6/15 6:41 PM:liquibase: ChangeSet 17.0.0/changelog.xml::17.0.0-create-monitoringlocationspollingpackages-table::seth ran successfully in 6ms
INFO 12/6/15 6:41 PM:liquibase: ChangeSet 17.0.0/changelog.xml::17.0.0-create-monitoringlocationscollectionpackages-table::seth ran successfully in 8ms
INFO 12/6/15 6:41 PM:liquibase: ChangeSet 17.0.0/changelog.xml::17.0.0-create-monitoringlocationstags-table::seth ran successfully in 6ms
INFO 12/6/15 6:41 PM:liquibase: ChangeSet stored-procedures/getManagePercentAvailIntfWindow.xml::getManagePercentAvailIntfWindow::rangerrick ran successfully in 2ms
INFO 12/6/15 6:41 PM:liquibase: ChangeSet stored-procedures/getManagePercentAvailNodeWindow.xml::getManagePercentAvailNodeWindow::rangerrick ran successfully in 1ms
INFO 12/6/15 6:41 PM:liquibase: ChangeSet stored-procedures/getManagedOutageForIntfInWindow.xml::getManagedOutageForIntfInWindow::rangerrick ran successfully in 1ms
INFO 12/6/15 6:41 PM:liquibase: ChangeSet stored-procedures/getManagedOutageForNodeInWindow.xml::getManagedOutageForNodeInWindow::rangerrick ran successfully in 1ms
INFO 12/6/15 6:41 PM:liquibase: ChangeSet stored-procedures/getManagedServiceCountForIntf.xml::getManagedServiceCountForIntf::rangerrick ran successfully in 1ms
INFO 12/6/15 6:41 PM:liquibase: ChangeSet stored-procedures/getManagedServiceCountForNode.xml::getManagedServiceCountForNode::rangerrick ran successfully in 1ms
INFO 12/6/15 6:41 PM:liquibase: ChangeSet stored-procedures/getOutageTimeInWindow.xml::getOutageTimeInWindow::rangerrick ran successfully in 3ms
INFO 12/6/15 6:41 PM:liquibase: ChangeSet stored-procedures/getPercentAvailabilityInWindow.xml::getPercentAvailabilityInWindow::rangerrick ran successfully in 2ms
INFO 12/6/15 6:41 PM:liquibase: ChangeSet stored-procedures/dropTriggerIfExists.xml::dropTriggerIfExists::rangerrick ran successfully in 1ms
INFO 12/6/15 6:41 PM:liquibase: ChangeSet stored-procedures/generate_daily_series.xml::generate_daily_series::thedesloge ran successfully in 2ms
INFO 12/6/15 6:41 PM:liquibase: Successfully released change log lock
Trying to stop OpenNMS but it's already stopped.
